<?xml version="1.0" encoding="UTF-8"?>
<!-- Generated by org.testng.reporters.JUnitReportReporter -->
<testsuite hostname="LAPTOP-H8GD1N65" failures="0" tests="1" name="Testng.practiceclass" time="3.090" errors="0" timestamp="2023-11-18T15:24:51 IST" skipped="0">
  <testcase classname="Testng.practiceclass" name="getstart" time="3.090"/>
  <system-out/>
</testsuite> <!-- Testng.practiceclass -->
