<?xml version="1.0" encoding="UTF-8"?>
<!-- Generated by org.testng.reporters.JUnitReportReporter -->
<testsuite hostname="LAPTOP-H8GD1N65" failures="0" tests="3" name="Testng.InterviewPreparation" time="12.824" errors="0" timestamp="2023-11-01T21:53:32 IST" skipped="2">
  <testcase classname="Testng.InterviewPreparation" name="Thirdone" time="12.824"/>
  <system-out/>
  <testcase classname="Testng.InterviewPreparation" name="firstone">
    <skipped/>
  </testcase> <!-- firstone -->
  <system-out/>
  <testcase classname="Testng.InterviewPreparation" name="Secondone">
    <skipped/>
  </testcase> <!-- Secondone -->
  <system-out/>
</testsuite> <!-- Testng.InterviewPreparation -->
