<?xml version="1.0" encoding="UTF-8"?>
<!-- Generated by org.testng.reporters.JUnitReportReporter -->
<testsuite hostname="LAPTOP-H8GD1N65" failures="0" tests="1" name="Testng.practiceclass" time="12.816" errors="0" timestamp="2023-11-22T21:38:56 IST" skipped="0">
  <testcase classname="Testng.practiceclass" name="getstart" time="12.816"/>
  <system-out/>
</testsuite> <!-- Testng.practiceclass -->
