<?xml version="1.0" encoding="UTF-8"?>
<!-- Generated by org.testng.reporters.JUnitReportReporter -->
<testsuite hostname="LAPTOP-H8GD1N65" failures="0" tests="1" name="Handson_Package.WebTables" time="3.223" errors="0" timestamp="2024-01-14T16:58:00 IST" skipped="0">
  <testcase classname="Handson_Package.WebTables" name="browserstart" time="3.223"/>
  <system-out/>
</testsuite> <!-- Handson_Package.WebTables -->
