<?xml version="1.0" encoding="UTF-8"?>
<!-- Generated by org.testng.reporters.JUnitReportReporter -->
<testsuite hostname="LAPTOP-H8GD1N65" failures="0" tests="1" name="Testng.Second" time="15.380" errors="0" timestamp="2023-10-16T23:30:16 IST" skipped="0">
  <testcase classname="Testng.Second" name="run" time="15.380"/>
  <system-out/>
</testsuite> <!-- Testng.Second -->
