<?xml version="1.0" encoding="UTF-8"?>
<!-- Generated by org.testng.reporters.JUnitReportReporter -->
<testsuite hostname="LAPTOP-H8GD1N65" failures="0" tests="1" name="Handson_Package.LinkedinPractice" time="21.974" errors="0" timestamp="2024-01-16T18:06:21 IST" skipped="0">
  <testcase classname="Handson_Package.LinkedinPractice" name="browserstart" time="21.974"/>
  <system-out/>
</testsuite> <!-- Handson_Package.LinkedinPractice -->
